<?xml version="1.0" encoding="UTF-8"?>
<!-- Generated by org.testng.reporters.JUnitXMLReporter -->
<testsuite hostname="Hassan-PC" ignored="6" name="Regression" tests="2" failures="1" timestamp="09 Jan 2019 17:44:07 GMT" time="130.994" errors="0">
  <testcase name="validate_women" time="43.183" classname="com.Testcases.women"/>
  <testcase name="validate_men" time="67.129" classname="com.Testcases.men">
    <failure type="org.openqa.selenium.TimeoutException" message="Expected condition failed: waiting for visibility of [[ChromeDriver: chrome on XP (aad03e471a4b0ea9767086fa32dd7c8d)] -&amp;gt; xpath: //img[@alt=&amp;apos;Apple Store Button&amp;apos;]] (tried for 30 second(s) with 500 milliseconds interval)
Build info: version: &amp;apos;3.14.0&amp;apos;, revision: &amp;apos;aacccce0&amp;apos;, time: &amp;apos;2018-08-02T20:19:58.91Z&amp;apos;
System info: host: &amp;apos;HASSAN-PC&amp;apos;, ip: &amp;apos;192.168.0.220&amp;apos;, os.name: &amp;apos;Windows 10&amp;apos;, os.arch: &amp;apos;amd64&amp;apos;, os.version: &amp;apos;10.0&amp;apos;, java.version: &amp;apos;1.8.0_181&amp;apos;
Driver info: org.openqa.selenium.chrome.ChromeDriver
Capabilities {acceptInsecureCerts: false, acceptSslCerts: false, applicationCacheEnabled: false, browserConnectionEnabled: false, browserName: chrome, chrome: {chromedriverVersion: 2.41.578737 (49da6702b16031..., userDataDir: C:\Users\M604D~1.ABD\AppDat...}, cssSelectorsEnabled: true, databaseEnabled: false, goog:chromeOptions: {debuggerAddress: localhost:51734}, handlesAlerts: true, hasTouchScreen: false, javascriptEnabled: true, locationContextEnabled: true, mobileEmulationEnabled: false, nativeEvents: true, networkConnectionEnabled: false, pageLoadStrategy: normal, platform: XP, platformName: XP, rotatable: false, setWindowRect: true, takesHeapSnapshot: true, takesScreenshot: true, unexpectedAlertBehaviour: , unhandledPromptBehavior: , version: 71.0.3578.98, webStorageEnabled: true}
Session ID: aad03e471a4b0ea9767086fa32dd7c8d">
      <![CDATA[org.openqa.selenium.TimeoutException: Expected condition failed: waiting for visibility of [[ChromeDriver: chrome on XP (aad03e471a4b0ea9767086fa32dd7c8d)] -> xpath: //img[@alt='Apple Store Button']] (tried for 30 second(s) with 500 milliseconds interval)
Build info: version: '3.14.0', revision: 'aacccce0', time: '2018-08-02T20:19:58.91Z'
System info: host: 'HASSAN-PC', ip: '192.168.0.220', os.name: 'Windows 10', os.arch: 'amd64', os.version: '10.0', java.version: '1.8.0_181'
Driver info: org.openqa.selenium.chrome.ChromeDriver
Capabilities {acceptInsecureCerts: false, acceptSslCerts: false, applicationCacheEnabled: false, browserConnectionEnabled: false, browserName: chrome, chrome: {chromedriverVersion: 2.41.578737 (49da6702b16031..., userDataDir: C:\Users\M604D~1.ABD\AppDat...}, cssSelectorsEnabled: true, databaseEnabled: false, goog:chromeOptions: {debuggerAddress: localhost:51734}, handlesAlerts: true, hasTouchScreen: false, javascriptEnabled: true, locationContextEnabled: true, mobileEmulationEnabled: false, nativeEvents: true, networkConnectionEnabled: false, pageLoadStrategy: normal, platform: XP, platformName: XP, rotatable: false, setWindowRect: true, takesHeapSnapshot: true, takesScreenshot: true, unexpectedAlertBehaviour: , unhandledPromptBehavior: , version: 71.0.3578.98, webStorageEnabled: true}
Session ID: aad03e471a4b0ea9767086fa32dd7c8d
at org.openqa.selenium.support.ui.WebDriverWait.timeoutException(WebDriverWait.java:113)
at org.openqa.selenium.support.ui.FluentWait.until(FluentWait.java:283)
at Utility.Synchronization.Exception_Handling(Synchronization.java:104)
at com.pages.Women.click_AppleButton(Women.java:212)
at com.Testcases.men.validate_men(men.java:56)
... Removed 25 stack frames]]>
    </failure>
  </testcase> <!-- validate_men -->
  <testcase name="@AfterTest endReport" time="0.0" classname="com.Testcases.FreeCRMTest">
    <ignored/>
  </testcase> <!-- @AfterTest endReport -->
  <testcase name="freeCrmTitleTest" time="0.0" classname="com.Testcases.FreeCRMTest">
    <ignored/>
  </testcase> <!-- freeCrmTitleTest -->
  <testcase name="freeCrmTitleTest" time="0.0" classname="com.Testcases.FreeCRMTest">
    <ignored/>
  </testcase> <!-- freeCrmTitleTest -->
  <testcase name="@BeforeTest setExtent" time="0.0" classname="com.Testcases.FreeCRMTest">
    <ignored/>
  </testcase> <!-- @BeforeTest setExtent -->
  <testcase name="freemCRMLogoTest" time="0.0" classname="com.Testcases.FreeCRMTest">
    <ignored/>
  </testcase> <!-- freemCRMLogoTest -->
  <testcase name="freemCRMLogoTest" time="0.0" classname="com.Testcases.FreeCRMTest">
    <ignored/>
  </testcase> <!-- freemCRMLogoTest -->
</testsuite> <!-- Regression -->
