<?xml version="1.0" encoding="UTF-8"?>
<testng-results skipped="0" failed="1" ignored="6" total="8" passed="1">
  <reporter-output>
  </reporter-output>
  <suite name="Practice purpose" duration-ms="130994" started-at="2019-01-09T17:41:56Z" finished-at="2019-01-09T17:44:07Z">
    <groups>
    </groups>
    <test name="Regression" duration-ms="130994" started-at="2019-01-09T17:41:56Z" finished-at="2019-01-09T17:44:07Z">
      <class name="com.Testcases.men">
        <test-method status="PASS" signature="setup()[pri:0, instance:com.Testcases.men@7cd62f43]" name="setup" is-config="true" duration-ms="9278" started-at="2019-01-09T17:42:49Z" finished-at="2019-01-09T17:42:59Z">
          <reporter-output>
          </reporter-output>
        </test-method> <!-- setup -->
        <test-method status="FAIL" signature="validate_men()[pri:1, instance:com.Testcases.men@7cd62f43]" name="validate_men" duration-ms="67129" started-at="2019-01-09T17:42:59Z" finished-at="2019-01-09T17:44:06Z">
          <exception class="org.openqa.selenium.TimeoutException">
            <message>
              <![CDATA[Expected condition failed: waiting for visibility of [[ChromeDriver: chrome on XP (aad03e471a4b0ea9767086fa32dd7c8d)] -> xpath: //img[@alt='Apple Store Button']] (tried for 30 second(s) with 500 milliseconds interval)
Build info: version: '3.14.0', revision: 'aacccce0', time: '2018-08-02T20:19:58.91Z'
System info: host: 'HASSAN-PC', ip: '192.168.0.220', os.name: 'Windows 10', os.arch: 'amd64', os.version: '10.0', java.version: '1.8.0_181'
Driver info: org.openqa.selenium.chrome.ChromeDriver
Capabilities {acceptInsecureCerts: false, acceptSslCerts: false, applicationCacheEnabled: false, browserConnectionEnabled: false, browserName: chrome, chrome: {chromedriverVersion: 2.41.578737 (49da6702b16031..., userDataDir: C:\Users\M604D~1.ABD\AppDat...}, cssSelectorsEnabled: true, databaseEnabled: false, goog:chromeOptions: {debuggerAddress: localhost:51734}, handlesAlerts: true, hasTouchScreen: false, javascriptEnabled: true, locationContextEnabled: true, mobileEmulationEnabled: false, nativeEvents: true, networkConnectionEnabled: false, pageLoadStrategy: normal, platform: XP, platformName: XP, rotatable: false, setWindowRect: true, takesHeapSnapshot: true, takesScreenshot: true, unexpectedAlertBehaviour: , unhandledPromptBehavior: , version: 71.0.3578.98, webStorageEnabled: true}
Session ID: aad03e471a4b0ea9767086fa32dd7c8d]]>
            </message>
            <full-stacktrace>
              <![CDATA[org.openqa.selenium.TimeoutException: Expected condition failed: waiting for visibility of [[ChromeDriver: chrome on XP (aad03e471a4b0ea9767086fa32dd7c8d)] -> xpath: //img[@alt='Apple Store Button']] (tried for 30 second(s) with 500 milliseconds interval)
Build info: version: '3.14.0', revision: 'aacccce0', time: '2018-08-02T20:19:58.91Z'
System info: host: 'HASSAN-PC', ip: '192.168.0.220', os.name: 'Windows 10', os.arch: 'amd64', os.version: '10.0', java.version: '1.8.0_181'
Driver info: org.openqa.selenium.chrome.ChromeDriver
Capabilities {acceptInsecureCerts: false, acceptSslCerts: false, applicationCacheEnabled: false, browserConnectionEnabled: false, browserName: chrome, chrome: {chromedriverVersion: 2.41.578737 (49da6702b16031..., userDataDir: C:\Users\M604D~1.ABD\AppDat...}, cssSelectorsEnabled: true, databaseEnabled: false, goog:chromeOptions: {debuggerAddress: localhost:51734}, handlesAlerts: true, hasTouchScreen: false, javascriptEnabled: true, locationContextEnabled: true, mobileEmulationEnabled: false, nativeEvents: true, networkConnectionEnabled: false, pageLoadStrategy: normal, platform: XP, platformName: XP, rotatable: false, setWindowRect: true, takesHeapSnapshot: true, takesScreenshot: true, unexpectedAlertBehaviour: , unhandledPromptBehavior: , version: 71.0.3578.98, webStorageEnabled: true}
Session ID: aad03e471a4b0ea9767086fa32dd7c8d
at org.openqa.selenium.support.ui.WebDriverWait.timeoutException(WebDriverWait.java:113)
at org.openqa.selenium.support.ui.FluentWait.until(FluentWait.java:283)
at Utility.Synchronization.Exception_Handling(Synchronization.java:104)
at com.pages.Women.click_AppleButton(Women.java:212)
at com.Testcases.men.validate_men(men.java:56)
at sun.reflect.NativeMethodAccessorImpl.invoke0(Native Method)
at sun.reflect.NativeMethodAccessorImpl.invoke(NativeMethodAccessorImpl.java:62)
at sun.reflect.DelegatingMethodAccessorImpl.invoke(DelegatingMethodAccessorImpl.java:43)
at java.lang.reflect.Method.invoke(Method.java:498)
at org.testng.internal.MethodInvocationHelper.invokeMethod(MethodInvocationHelper.java:124)
at org.testng.internal.Invoker.invokeMethod(Invoker.java:583)
at org.testng.internal.Invoker.invokeTestMethod(Invoker.java:719)
at org.testng.internal.Invoker.invokeTestMethods(Invoker.java:989)
at org.testng.internal.TestMethodWorker.invokeTestMethods(TestMethodWorker.java:125)
at org.testng.internal.TestMethodWorker.run(TestMethodWorker.java:109)
at org.testng.TestRunner.privateRun(TestRunner.java:648)
at org.testng.TestRunner.run(TestRunner.java:505)
at org.testng.SuiteRunner.runTest(SuiteRunner.java:455)
at org.testng.SuiteRunner.runSequentially(SuiteRunner.java:450)
at org.testng.SuiteRunner.privateRun(SuiteRunner.java:415)
at org.testng.SuiteRunner.run(SuiteRunner.java:364)
at org.testng.SuiteRunnerWorker.runSuite(SuiteRunnerWorker.java:52)
at org.testng.SuiteRunnerWorker.run(SuiteRunnerWorker.java:84)
at org.testng.TestNG.runSuitesSequentially(TestNG.java:1208)
at org.testng.TestNG.runSuitesLocally(TestNG.java:1137)
at org.testng.TestNG.runSuites(TestNG.java:1049)
at org.testng.TestNG.run(TestNG.java:1017)
at org.testng.remote.AbstractRemoteTestNG.run(AbstractRemoteTestNG.java:114)
at org.testng.remote.RemoteTestNG.initAndRun(RemoteTestNG.java:251)
at org.testng.remote.RemoteTestNG.main(RemoteTestNG.java:77)
]]>
            </full-stacktrace>
          </exception> <!-- org.openqa.selenium.TimeoutException -->
          <reporter-output>
          </reporter-output>
        </test-method> <!-- validate_men -->
        <test-method status="PASS" signature="tearDown(org.testng.ITestResult)[pri:0, instance:com.Testcases.men@7cd62f43]" name="tearDown" is-config="true" duration-ms="878" started-at="2019-01-09T17:44:06Z" finished-at="2019-01-09T17:44:07Z">
          <params>
            <param index="0">
              <value>
                <![CDATA[[TestResult name=validate_men status=FAILURE method=men.validate_men()[pri:1, instance:com.Testcases.men@7cd62f43] output={null}]]]>
              </value>
            </param>
          </params>
          <reporter-output>
          </reporter-output>
        </test-method> <!-- tearDown -->
      </class> <!-- com.Testcases.men -->
      <class name="com.Testcases.women">
        <test-method status="PASS" signature="setExtent()[pri:0, instance:com.Testcases.women@6a41eaa2]" name="setExtent" is-config="true" duration-ms="126" started-at="2019-01-09T17:41:56Z" finished-at="2019-01-09T17:41:56Z">
          <reporter-output>
          </reporter-output>
        </test-method> <!-- setExtent -->
        <test-method status="PASS" signature="setup()[pri:0, instance:com.Testcases.women@6a41eaa2]" name="setup" is-config="true" duration-ms="9415" started-at="2019-01-09T17:41:56Z" finished-at="2019-01-09T17:42:05Z">
          <reporter-output>
          </reporter-output>
        </test-method> <!-- setup -->
        <test-method status="PASS" signature="validate_women()[pri:0, instance:com.Testcases.women@6a41eaa2]" name="validate_women" duration-ms="43183" started-at="2019-01-09T17:42:05Z" finished-at="2019-01-09T17:42:49Z">
          <reporter-output>
          </reporter-output>
        </test-method> <!-- validate_women -->
        <test-method status="PASS" signature="tearDown(org.testng.ITestResult)[pri:0, instance:com.Testcases.women@6a41eaa2]" name="tearDown" is-config="true" duration-ms="669" started-at="2019-01-09T17:42:49Z" finished-at="2019-01-09T17:42:49Z">
          <params>
            <param index="0">
              <value>
                <![CDATA[[TestResult name=validate_women status=SUCCESS method=women.validate_women()[pri:0, instance:com.Testcases.women@6a41eaa2] output={null}]]]>
              </value>
            </param>
          </params>
          <reporter-output>
          </reporter-output>
        </test-method> <!-- tearDown -->
        <test-method status="PASS" signature="endReport()[pri:0, instance:com.Testcases.women@6a41eaa2]" name="endReport" is-config="true" duration-ms="283" started-at="2019-01-09T17:44:07Z" finished-at="2019-01-09T17:44:07Z">
          <reporter-output>
          </reporter-output>
        </test-method> <!-- endReport -->
      </class> <!-- com.Testcases.women -->
    </test> <!-- Regression -->
  </suite> <!-- Practice purpose -->
</testng-results>
